<?xml version="1.0" encoding="UTF-8"?>
<testng-results skipped="0" failed="0" ignored="0" total="1" passed="1">
  <reporter-output>
  </reporter-output>
  <suite name="Default suite" duration-ms="10549" started-at="2021-01-20T20:44:47 EST" finished-at="2021-01-20T20:44:58 EST">
    <groups>
    </groups>
    <test name="Default test" duration-ms="10549" started-at="2021-01-20T20:44:47 EST" finished-at="2021-01-20T20:44:58 EST">
      <class name="scripts.ScriptsRPM">
        <test-method status="PASS" signature="setUp()[pri:0, instance:scripts.ScriptsRPM@11438d26]" name="setUp" is-config="true" duration-ms="4443" started-at="2021-01-20T20:44:47 EST" finished-at="2021-01-20T20:44:52 EST">
          <reporter-output>
          </reporter-output>
        </test-method> <!-- setUp -->
        <test-method status="PASS" signature="test()[pri:0, instance:scripts.ScriptsRPM@11438d26]" name="test" duration-ms="6057" started-at="2021-01-20T20:44:52 EST" finished-at="2021-01-20T20:44:58 EST">
          <reporter-output>
          </reporter-output>
        </test-method> <!-- test -->
      </class> <!-- scripts.ScriptsRPM -->
    </test> <!-- Default test -->
  </suite> <!-- Default suite -->
</testng-results>
